[debug] [2022-10-25T00:24:09.055Z] ----------------------------------------------------------------------
[debug] [2022-10-25T00:24:09.057Z] Command:       C:\Program Files\nodejs\node.exe C:\Users\ahmad\AppData\Roaming\npm\node_modules\firebase-tools\lib\bin\firebase.js init
[debug] [2022-10-25T00:24:09.058Z] CLI Version:   11.15.0
[debug] [2022-10-25T00:24:09.058Z] Platform:      win32
[debug] [2022-10-25T00:24:09.058Z] Node Version:  v16.17.1
[debug] [2022-10-25T00:24:09.059Z] Time:          Tue Oct 25 2022 07:24:09 GMT+0700 (Waktu Indonesia Barat)
[debug] [2022-10-25T00:24:09.059Z] ----------------------------------------------------------------------
[debug] 
[debug] [2022-10-25T00:24:09.068Z] > command requires scopes: ["email","openid","https://www.googleapis.com/auth/cloudplatformprojects.readonly","https://www.googleapis.com/auth/firebase","https://www.googleapis.com/auth/cloud-platform"]
[debug] [2022-10-25T00:24:09.068Z] > authorizing via signed-in user (ahmadyusufmaulana0@gmail.com)
[info] 
     ######## #### ########  ######## ########     ###     ######  ########
     ##        ##  ##     ## ##       ##     ##  ##   ##  ##       ##
     ######    ##  ########  ######   ########  #########  ######  ######
     ##        ##  ##    ##  ##       ##     ## ##     ##       ## ##
     ##       #### ##     ## ######## ########  ##     ##  ######  ########

You're about to initialize a Firebase project in this directory:

  D:\learntera\marketing_learntera\website\hugo_repo\learntera_library

[info] 
=== Project Setup
[info] 
[info] First, let's associate this project directory with a Firebase project.
[info] You can create multiple project aliases by running firebase use --add, 
[info] but for now we'll just set up a default project.
[info] 
[debug] [2022-10-25T00:24:26.607Z] >>> [apiv2][query] GET https://firebase.googleapis.com/v1beta1/projects pageSize=100
[debug] [2022-10-25T00:24:27.640Z] <<< [apiv2][status] GET https://firebase.googleapis.com/v1beta1/projects 200
[debug] [2022-10-25T00:24:27.640Z] <<< [apiv2][body] GET https://firebase.googleapis.com/v1beta1/projects [omitted]
[info] i  Using project learntera-site (learntera) 
[info] 
=== Hosting Setup
[info] 
[info] Your public directory is the folder (relative to your project directory) that
[info] will contain Hosting assets to be uploaded with firebase deploy. If you
[info] have a build process for your assets, use your build's output directory.
[info] 
[info] +  Wrote public/404.html 
[debug] [2022-10-25T00:24:45.819Z] >>> [apiv2][query] GET https://www.gstatic.com/firebasejs/releases.json [none]
[debug] [2022-10-25T00:24:45.996Z] <<< [apiv2][status] GET https://www.gstatic.com/firebasejs/releases.json 200
[debug] [2022-10-25T00:24:45.996Z] <<< [apiv2][body] GET https://www.gstatic.com/firebasejs/releases.json {"current":{"version":"9.12.1","browserURL":"https://www.gstatic.com/firebasejs/9.12.1/firebase.js","packageURL":"https://www.gstatic.com/firebasejs/9.12.1/firebase.tgz"},"live":{"version":"9.12","browserURL":"https://www.gstatic.com/firebasejs/live/9.12/firebase.js","packageURL":"https://www.gstatic.com/firebasejs/live/9.12/firebase.tgz"},"components":{"analytics":"https://www.gstatic.com/firebasejs/9.12.1/firebase-analytics.js","app":"https://www.gstatic.com/firebasejs/9.12.1/firebase-app.js","app-check":"https://www.gstatic.com/firebasejs/9.12.1/firebase-app-check.js","auth":"https://www.gstatic.com/firebasejs/9.12.1/firebase-auth.js","auth/cordova":"https://www.gstatic.com/firebasejs/9.12.1/firebase-auth/cordova.js","auth/react-native":"https://www.gstatic.com/firebasejs/9.12.1/firebase-auth/react-native.js","functions":"https://www.gstatic.com/firebasejs/9.12.1/firebase-functions.js","firestore":"https://www.gstatic.com/firebasejs/9.12.1/firebase-firestore.js","firestore/lite":"https://www.gstatic.com/firebasejs/9.12.1/firebase-firestore/lite.js","installations":"https://www.gstatic.com/firebasejs/9.12.1/firebase-installations.js","storage":"https://www.gstatic.com/firebasejs/9.12.1/firebase-storage.js","performance":"https://www.gstatic.com/firebasejs/9.12.1/firebase-performance.js","remote-config":"https://www.gstatic.com/firebasejs/9.12.1/firebase-remote-config.js","messaging":"https://www.gstatic.com/firebasejs/9.12.1/firebase-messaging.js","messaging/sw":"https://www.gstatic.com/firebasejs/9.12.1/firebase-messaging/sw.js","database":"https://www.gstatic.com/firebasejs/9.12.1/firebase-database.js","firestore.memory":"https://www.gstatic.com/firebasejs/9.12.1/firebase-firestore.memory.js"}}
[info] +  Wrote public/index.html 
[info] 
[info] i  Detected a .git folder at D:\learntera\marketing_learntera\website\hugo_repo\learntera_library 
[info] i  Authorizing with GitHub to upload your service account to a GitHub repository's secrets store. 
[info] 
[info] Visit this URL on this device to log in:
[info] https://github.com/login/oauth/authorize?client_id=89cf50f02ac6aaed3484&state=912968347&redirect_uri=http%3A%2F%2Flocalhost%3A9005&scope=read%3Auser%20repo%20public_repo
[info] 
[info] Waiting for authentication...
[debug] [2022-10-25T00:24:46.798Z] >>> [apiv2][query] POST https://github.com/login/oauth/access_token [none]
[debug] [2022-10-25T00:24:46.798Z] >>> [apiv2][body] POST https://github.com/login/oauth/access_token [stream]
[debug] [2022-10-25T00:24:47.328Z] <<< [apiv2][status] POST https://github.com/login/oauth/access_token 200
[debug] [2022-10-25T00:24:47.328Z] <<< [apiv2][body] POST https://github.com/login/oauth/access_token {"access_token":"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","token_type":"bearer","scope":"read:user,repo"}
[debug] [2022-10-25T00:24:47.340Z] >>> [apiv2][query] GET https://api.github.com/user [none]
[debug] [2022-10-25T00:24:47.861Z] <<< [apiv2][status] GET https://api.github.com/user 200
[debug] [2022-10-25T00:24:47.861Z] <<< [apiv2][body] GET https://api.github.com/user {"login":"yuuahmad","id":22028802,"node_id":"MDQ6VXNlcjIyMDI4ODAy","avatar_url":"https://avatars.githubusercontent.com/u/22028802?v=4","gravatar_id":"","url":"https://api.github.com/users/yuuahmad","html_url":"https://github.com/yuuahmad","followers_url":"https://api.github.com/users/yuuahmad/followers","following_url":"https://api.github.com/users/yuuahmad/following{/other_user}","gists_url":"https://api.github.com/users/yuuahmad/gists{/gist_id}","starred_url":"https://api.github.com/users/yuuahmad/starred{/owner}{/repo}","subscriptions_url":"https://api.github.com/users/yuuahmad/subscriptions","organizations_url":"https://api.github.com/users/yuuahmad/orgs","repos_url":"https://api.github.com/users/yuuahmad/repos","events_url":"https://api.github.com/users/yuuahmad/events{/privacy}","received_events_url":"https://api.github.com/users/yuuahmad/received_events","type":"User","site_admin":false,"name":"yuuahmad","company":null,"blog":"","location":null,"email":null,"hireable":null,"bio":"i am an college in sumatera institute of technology","twitter_username":null,"public_repos":84,"public_gists":1,"followers":6,"following":6,"created_at":"2016-09-06T13:10:19Z","updated_at":"2022-10-25T00:19:13Z","private_gists":0,"total_private_repos":1,"owned_private_repos":1,"disk_usage":282657,"collaborators":12,"two_factor_authentication":false,"plan":{"name":"pro","space":976562499,"collaborators":0,"private_repos":9999}}
[info] 
[info] +  Success! Logged into GitHub as yuuahmad 
[info] 
[debug] [2022-10-25T00:26:13.137Z] >>> [apiv2][query] GET https://api.github.com/repos/yuuahmad/learntera_library/actions/secrets/public-key type=owner
[debug] [2022-10-25T00:26:13.567Z] <<< [apiv2][status] GET https://api.github.com/repos/yuuahmad/learntera_library/actions/secrets/public-key 404
[debug] [2022-10-25T00:26:13.568Z] <<< [apiv2][body] GET https://api.github.com/repos/yuuahmad/learntera_library/actions/secrets/public-key {"message":"Not Found","documentation_url":"https://docs.github.com/rest/reference/actions#get-a-repository-public-key"}
[debug] [2022-10-25T00:26:19.800Z] >>> [apiv2][query] GET https://api.github.com/repos/yuuahmad/learntera_library/actions/secrets/public-key type=owner
[debug] [2022-10-25T00:26:20.224Z] <<< [apiv2][status] GET https://api.github.com/repos/yuuahmad/learntera_library/actions/secrets/public-key 404
[debug] [2022-10-25T00:26:20.224Z] <<< [apiv2][body] GET https://api.github.com/repos/yuuahmad/learntera_library/actions/secrets/public-key {"message":"Not Found","documentation_url":"https://docs.github.com/rest/reference/actions#get-a-repository-public-key"}
[debug] [2022-10-25T00:26:31.716Z] >>> [apiv2][query] GET https://api.github.com/repos/yuuahmad/learntera_library/actions/secrets/public-key type=owner
[debug] [2022-10-25T00:26:32.483Z] <<< [apiv2][status] GET https://api.github.com/repos/yuuahmad/learntera_library/actions/secrets/public-key 404
[debug] [2022-10-25T00:26:32.483Z] <<< [apiv2][body] GET https://api.github.com/repos/yuuahmad/learntera_library/actions/secrets/public-key {"message":"Not Found","documentation_url":"https://docs.github.com/rest/reference/actions#get-a-repository-public-key"}
[debug] [2022-10-25T00:26:41.547Z] >>> [apiv2][query] GET https://api.github.com/repos//actions/secrets/public-key type=owner
[debug] [2022-10-25T00:26:41.937Z] <<< [apiv2][status] GET https://api.github.com/repos//actions/secrets/public-key 404
[debug] [2022-10-25T00:26:41.937Z] <<< [apiv2][body] GET https://api.github.com/repos//actions/secrets/public-key {"message":"Not Found","documentation_url":"https://docs.github.com/rest"}
[debug] [2022-10-25T00:26:42.125Z] >>> [apiv2][query] GET https://api.github.com/repos//actions/secrets/public-key type=owner
[debug] [2022-10-25T00:26:42.332Z] >>> [apiv2][query] GET https://api.github.com/repos//actions/secrets/public-key type=owner
[debug] [2022-10-25T00:26:42.516Z] <<< [apiv2][status] GET https://api.github.com/repos//actions/secrets/public-key 404
[debug] [2022-10-25T00:26:42.516Z] <<< [apiv2][body] GET https://api.github.com/repos//actions/secrets/public-key {"message":"Not Found","documentation_url":"https://docs.github.com/rest"}
[debug] [2022-10-25T00:26:42.782Z] <<< [apiv2][status] GET https://api.github.com/repos//actions/secrets/public-key 404
[debug] [2022-10-25T00:26:42.782Z] <<< [apiv2][body] GET https://api.github.com/repos//actions/secrets/public-key {"message":"Not Found","documentation_url":"https://docs.github.com/rest"}
[debug] [2022-10-25T00:26:43.349Z] >>> [apiv2][query] GET https://api.github.com/repos//actions/secrets/public-key type=owner
[debug] [2022-10-25T00:26:43.777Z] <<< [apiv2][status] GET https://api.github.com/repos//actions/secrets/public-key 404
[debug] [2022-10-25T00:26:43.778Z] <<< [apiv2][body] GET https://api.github.com/repos//actions/secrets/public-key {"message":"Not Found","documentation_url":"https://docs.github.com/rest"}
